<?xml version="1.0" encoding="UTF-8"?>
<beans xmlns="http://www.springframework.org/schema/beans"
       xmlns:xsi="http://www.w3.org/2001/XMLSchema-instance" xmlns:tx="http://www.springframework.org/schema/task"
       xmlns:jdbc="http://www.springframework.org/schema/jdbc"
       xmlns:jpa="http://www.springframework.org/schema/data/jpa"
       xsi:schemaLocation="http://www.springframework.org/schema/beans http://www.springframework.org/schema/beans/spring-beans.xsd http://www.springframework.org/schema/task http://www.springframework.org/schema/task/spring-task-3.0.xsd http://www.springframework.org/schema/jdbc http://www.springframework.org/schema/jdbc/spring-jdbc.xsd http://www.springframework.org/schema/data/jpa http://www.springframework.org/schema/data/jpa/spring-jpa-1.0.xsd">

    <tx:annotation-driven/>

    <jpa:repositories base-package="uk.ac.ebi.pride.prider.repo"/>

    <jdbc:embedded-database id="dataSource">
        <jdbc:script location="classpath:db/hsqldb-config.sql"/>
        <jdbc:script location="classpath:db/schema.sql"/>
        <jdbc:script location="classpath:db/test-data.sql"/>
    </jdbc:embedded-database>

    <!--<bean id="dataSource" class="org.apache.commons.dbcp.BasicDataSource" destroy-method="close">-->
    <!--<property name="driverClassName" value="oracle.jdbc.OracleDriver"/>-->
    <!--<property name="url" value="jdbc:oracle:thin:@brem.ebi.ac.uk:1531:PRIDEPRO"/>-->
    <!--<property name="username" value="pridexml"/>-->
    <!--<property name="password" value="pride"/>-->
    <!--</bean>-->

    <bean id="entityManagerFactory" class="org.springframework.orm.jpa.LocalContainerEntityManagerFactoryBean">
        <property name="dataSource" ref="dataSource"/>
        <property name="jpaVendorAdapter">
            <bean class="org.springframework.orm.jpa.vendor.HibernateJpaVendorAdapter">
                <property name="generateDdl" value="true"/>
                <property name="showSql" value="true" />
                <!--<property name="database" value="ORACLE"/>-->
                <property name="database" value="HSQL"/>
            </bean>
        </property>
    </bean>

    <bean class="org.springframework.orm.jpa.JpaTransactionManager" id="transactionManager">
        <property name="entityManagerFactory" ref="entityManagerFactory"/>
        <property name="jpaDialect">
            <bean class="org.springframework.orm.jpa.vendor.HibernateJpaDialect"/>
        </property>
    </bean>

    <bean class="org.springframework.orm.hibernate4.HibernateExceptionTranslator"/>

</beans>